This file contains any messages produced by compilers while
running configure, to aid debugging if configure makes a mistake.

It was created by libytnef configure 1.5, which was
generated by GNU Autoconf 2.57.  Invocation command line was

  $ ./configure 

## --------- ##
## Platform. ##
## --------- ##

hostname = Macintosh.local
uname -m = x86_64
uname -r = 13.1.0
uname -s = Darwin
uname -v = Darwin Kernel Version 13.1.0: Thu Jan 16 19:40:37 PST 2014; root:xnu-2422.90.20~2/RELEASE_X86_64

/usr/bin/uname -p = i386
/bin/uname -X     = unknown

/bin/arch              = unknown
/usr/bin/arch -k       = unknown
/usr/convex/getsysinfo = unknown
hostinfo               = Mach kernel version:
	 Darwin Kernel Version 13.1.0: Thu Jan 16 19:40:37 PST 2014; root:xnu-2422.90.20~2/RELEASE_X86_64
Kernel configured for up to 4 processors.
2 processors are physically available.
4 processors are logically available.
Processor type: i486 (Intel 80486)
Processors active: 0 1 2 3
Primary memory available: 8.00 gigabytes
Default processor set: 259 tasks, 1391 threads, 4 processors
Load average: 1.18, Mach factor: 2.81
/bin/machine           = unknown
/usr/bin/oslevel       = unknown
/bin/universe          = unknown

PATH: /Users/simon/.rvm/gems/ruby-2.0.0-p247/bin
PATH: /Users/simon/.rvm/gems/ruby-2.0.0-p247@global/bin
PATH: /Users/simon/.rvm/rubies/ruby-2.0.0-p247/bin
PATH: /Users/simon/.rvm/bin
PATH: /usr/bin
PATH: /bin
PATH: /usr/sbin
PATH: /sbin
PATH: /usr/local/bin
PATH: /opt/X11/bin
PATH: /usr/local/git/bin


## ----------- ##
## Core tests. ##
## ----------- ##

configure:1491: checking for a BSD-compatible install
configure:1545: result: /usr/bin/install -c
configure:1556: checking whether build environment is sane
configure:1599: result: yes
configure:1632: checking for gawk
configure:1661: result: no
configure:1632: checking for mawk
configure:1661: result: no
configure:1632: checking for nawk
configure:1661: result: no
configure:1632: checking for awk
configure:1648: found /usr/bin/awk
configure:1658: result: awk
configure:1668: checking whether make sets $(MAKE)
configure:1688: result: yes
configure:1888: checking for gcc
configure:1904: found /usr/bin/gcc
configure:1914: result: gcc
configure:2158: checking for C compiler version
configure:2161: gcc --version </dev/null >&5
Configured with: --prefix=/Applications/Xcode.app/Contents/Developer/usr --with-gxx-include-dir=/usr/include/c++/4.2.1
Apple LLVM version 5.1 (clang-503.0.38) (based on LLVM 3.4svn)
Target: x86_64-apple-darwin13.1.0
Thread model: posix
configure:2164: $? = 0
configure:2166: gcc -v </dev/null >&5
Configured with: --prefix=/Applications/Xcode.app/Contents/Developer/usr --with-gxx-include-dir=/usr/include/c++/4.2.1
Apple LLVM version 5.1 (clang-503.0.38) (based on LLVM 3.4svn)
Target: x86_64-apple-darwin13.1.0
Thread model: posix
configure:2169: $? = 0
configure:2171: gcc -V </dev/null >&5
clang: error: argument to '-V' is missing (expected 1 value)
clang: error: no input files
configure:2174: $? = 1
configure:2198: checking for C compiler default output
configure:2201: gcc    conftest.c  >&5
configure:2204: $? = 0
configure:2250: result: a.out
configure:2255: checking whether the C compiler works
configure:2261: ./a.out
configure:2264: $? = 0
configure:2281: result: yes
configure:2288: checking whether we are cross compiling
configure:2290: result: no
configure:2293: checking for suffix of executables
configure:2295: gcc -o conftest    conftest.c  >&5
configure:2298: $? = 0
configure:2323: result: 
configure:2329: checking for suffix of object files
configure:2351: gcc -c   conftest.c >&5
configure:2354: $? = 0
configure:2376: result: o
configure:2380: checking whether we are using the GNU C compiler
configure:2405: gcc -c   conftest.c >&5
configure:2408: $? = 0
configure:2411: test -s conftest.o
configure:2414: $? = 0
configure:2427: result: yes
configure:2433: checking whether gcc accepts -g
configure:2455: gcc -c -g  conftest.c >&5
configure:2458: $? = 0
configure:2461: test -s conftest.o
configure:2464: $? = 0
configure:2475: result: yes
configure:2492: checking for gcc option to accept ANSI C
configure:2553: gcc  -c -g -O2  conftest.c >&5
configure:2556: $? = 0
configure:2559: test -s conftest.o
configure:2562: $? = 0
configure:2580: result: none needed
configure:2598: gcc -c -g -O2  conftest.c >&5
conftest.c:2:3: error: unknown type name 'choke'
  choke me
  ^
conftest.c:2:11: error: expected ';' after top level declarator
  choke me
          ^
          ;
2 errors generated.
configure:2601: $? = 1
configure: failed program was:
| #ifndef __cplusplus
|   choke me
| #endif
configure:2729: checking for style of include used by make
configure:2757: result: GNU
configure:2785: checking dependency style of gcc
configure:2847: result: gcc3
configure:2924: checking build system type
configure:2942: result: i386-apple-darwin13.1.0
configure:2950: checking host system type
configure:2964: result: i386-apple-darwin13.1.0
configure:2994: checking for ld used by GCC
configure:3057: result: /Applications/Xcode.app/Contents/Developer/Toolchains/XcodeDefault.xctoolchain/usr/bin/ld
configure:3066: checking if the linker (/Applications/Xcode.app/Contents/Developer/Toolchains/XcodeDefault.xctoolchain/usr/bin/ld) is GNU ld
configure:3078: result: no
configure:3083: checking for /Applications/Xcode.app/Contents/Developer/Toolchains/XcodeDefault.xctoolchain/usr/bin/ld option to reload object files
configure:3090: result: -r
configure:3095: checking for BSD-compatible nm
configure:3131: result: /usr/bin/nm
configure:3134: checking whether ln -s works
configure:3138: result: yes
configure:3145: checking how to recognise dependant libraries
configure:3323: result: file_magic Mach-O dynamically linked shared library
configure:3336: checking command to parse /usr/bin/nm output
configure:3417: gcc -c -g -O2  conftest.c >&5
configure:3420: $? = 0
configure:3424: /usr/bin/nm conftest.o \| sed -n -e 's/^.*[ 	]\([BCDEGRST][BCDEGRST]*\)[ 	][ 	]*\(\)\([_A-Za-z][_A-Za-z0-9]*\)$/\1 \2\3 \3/p' \> conftest.nm
configure:3427: $? = 0
cannot find nm_test_var in conftest.nm
configure:3417: gcc -c -g -O2  conftest.c >&5
configure:3420: $? = 0
configure:3424: /usr/bin/nm conftest.o \| sed -n -e 's/^.*[ 	]\([BCDEGRST][BCDEGRST]*\)[ 	][ 	]*\(_\)\([_A-Za-z][_A-Za-z0-9]*\)$/\1 \2\3 \3/p' \> conftest.nm
configure:3427: $? = 0
configure:3479: gcc -o conftest -g -O2   conftest.c conftstm.o >&5
configure:3482: $? = 0
configure:3526: result: ok
configure:3535: checking how to run the C preprocessor
configure:3571: gcc -E  conftest.c
configure:3577: $? = 0
configure:3609: gcc -E  conftest.c
configure:3610:10: fatal error: 'ac_nonexistent.h' file not found
#include <ac_nonexistent.h>
         ^
1 error generated.
configure:3615: $? = 1
configure: failed program was:
| #line 3600 "configure"
| /* confdefs.h.  */
| 
| #define PACKAGE_NAME "libytnef"
| #define PACKAGE_TARNAME "libytnef"
| #define PACKAGE_VERSION "1.5"
| #define PACKAGE_STRING "libytnef 1.5"
| #define PACKAGE_BUGREPORT "yerase@yeraze.com"
| #define PACKAGE "libytnef"
| #define VERSION "1.5"
| /* end confdefs.h.  */
| #include <ac_nonexistent.h>
configure:3653: result: gcc -E
configure:3678: gcc -E  conftest.c
configure:3684: $? = 0
configure:3716: gcc -E  conftest.c
configure:3717:10: fatal error: 'ac_nonexistent.h' file not found
#include <ac_nonexistent.h>
         ^
1 error generated.
configure:3722: $? = 1
configure: failed program was:
| #line 3707 "configure"
| /* confdefs.h.  */
| 
| #define PACKAGE_NAME "libytnef"
| #define PACKAGE_TARNAME "libytnef"
| #define PACKAGE_VERSION "1.5"
| #define PACKAGE_STRING "libytnef 1.5"
| #define PACKAGE_BUGREPORT "yerase@yeraze.com"
| #define PACKAGE "libytnef"
| #define VERSION "1.5"
| /* end confdefs.h.  */
| #include <ac_nonexistent.h>
configure:3765: checking for egrep
configure:3775: result: grep -E
configure:3780: checking for ANSI C header files
configure:3806: gcc -c -g -O2  conftest.c >&5
configure:3809: $? = 0
configure:3812: test -s conftest.o
configure:3815: $? = 0
configure:3907: gcc -o conftest -g -O2   conftest.c  >&5
configure:3902:7: warning: implicitly declaring library function 'exit' with type 'void (int) __attribute__((noreturn))'
      exit(2);
      ^
configure:3902:7: note: please include the header <stdlib.h> or explicitly provide a declaration for 'exit'
1 warning generated.
configure:3910: $? = 0
configure:3912: ./conftest
configure:3915: $? = 0
configure:3930: result: yes
configure:3954: checking for sys/types.h
configure:3971: gcc -c -g -O2  conftest.c >&5
configure:3974: $? = 0
configure:3977: test -s conftest.o
configure:3980: $? = 0
configure:3991: result: yes
configure:3954: checking for sys/stat.h
configure:3971: gcc -c -g -O2  conftest.c >&5
configure:3974: $? = 0
configure:3977: test -s conftest.o
configure:3980: $? = 0
configure:3991: result: yes
configure:3954: checking for stdlib.h
configure:3971: gcc -c -g -O2  conftest.c >&5
configure:3974: $? = 0
configure:3977: test -s conftest.o
configure:3980: $? = 0
configure:3991: result: yes
configure:3954: checking for string.h
configure:3971: gcc -c -g -O2  conftest.c >&5
configure:3974: $? = 0
configure:3977: test -s conftest.o
configure:3980: $? = 0
configure:3991: result: yes
configure:3954: checking for memory.h
configure:3971: gcc -c -g -O2  conftest.c >&5
configure:3974: $? = 0
configure:3977: test -s conftest.o
configure:3980: $? = 0
configure:3991: result: yes
configure:3954: checking for strings.h
configure:3971: gcc -c -g -O2  conftest.c >&5
configure:3974: $? = 0
configure:3977: test -s conftest.o
configure:3980: $? = 0
configure:3991: result: yes
configure:3954: checking for inttypes.h
configure:3971: gcc -c -g -O2  conftest.c >&5
configure:3974: $? = 0
configure:3977: test -s conftest.o
configure:3980: $? = 0
configure:3991: result: yes
configure:3954: checking for stdint.h
configure:3971: gcc -c -g -O2  conftest.c >&5
configure:3974: $? = 0
configure:3977: test -s conftest.o
configure:3980: $? = 0
configure:3991: result: yes
configure:3954: checking for unistd.h
configure:3971: gcc -c -g -O2  conftest.c >&5
configure:3974: $? = 0
configure:3977: test -s conftest.o
configure:3980: $? = 0
configure:3991: result: yes
configure:4017: checking dlfcn.h usability
configure:4030: gcc -c -g -O2  conftest.c >&5
configure:4033: $? = 0
configure:4036: test -s conftest.o
configure:4039: $? = 0
configure:4049: result: yes
configure:4053: checking dlfcn.h presence
configure:4064: gcc -E  conftest.c
configure:4070: $? = 0
configure:4089: result: yes
configure:4125: checking for dlfcn.h
configure:4132: result: yes
configure:4329: checking for ranlib
configure:4345: found /usr/bin/ranlib
configure:4356: result: ranlib
configure:4409: checking for strip
configure:4425: found /usr/bin/strip
configure:4436: result: strip
configure:4646: checking for objdir
configure:4657: result: .libs
configure:4674: checking for gcc option to produce PIC
configure:4824: result: -fno-common
configure:4828: checking if gcc PIC flag -fno-common works
configure:4852: gcc -c -g -O2 -fno-common -DPIC  conftest.c >&5
configure:4855: $? = 0
configure:4858: test -s conftest.o
configure:4861: $? = 0
configure:4899: result: yes
configure:4915: checking if gcc static flag -static works
configure:4940: gcc -o conftest -g -O2   -static conftest.c  >&5
ld: library not found for -lcrt0.o
clang: error: linker command failed with exit code 1 (use -v to see invocation)
configure:4943: $? = 1
configure: failed program was:
| #line 4923 "configure"
| /* confdefs.h.  */
| 
| #define PACKAGE_NAME "libytnef"
| #define PACKAGE_TARNAME "libytnef"
| #define PACKAGE_VERSION "1.5"
| #define PACKAGE_STRING "libytnef 1.5"
| #define PACKAGE_BUGREPORT "yerase@yeraze.com"
| #define PACKAGE "libytnef"
| #define VERSION "1.5"
| #define STDC_HEADERS 1
| #define HAVE_SYS_TYPES_H 1
| #define HAVE_SYS_STAT_H 1
| #define HAVE_STDLIB_H 1
| #define HAVE_STRING_H 1
| #define HAVE_MEMORY_H 1
| #define HAVE_STRINGS_H 1
| #define HAVE_INTTYPES_H 1
| #define HAVE_STDINT_H 1
| #define HAVE_UNISTD_H 1
| #define HAVE_DLFCN_H 1
| /* end confdefs.h.  */
| 
| int
| main ()
| {
| 
|   ;
|   return 0;
| }
configure:4965: result: no
configure:4977: checking if gcc supports -c -o file.o
configure:4997: gcc -c -g -O2 -o out/conftest2.o  conftest.c >&5
configure:5021: result: yes
configure:5026: checking if gcc supports -c -o file.lo
configure:5054: gcc -c -g -O2 -c -o conftest.lo  conftest.c >&5
configure:5057: $? = 0
configure:5060: test -s conftest.lo
configure:5063: $? = 0
configure:5085: result: yes
configure:5116: checking if gcc supports -fno-rtti -fno-exceptions
configure:5139: gcc -c -g -O2 -fno-rtti -fno-exceptions -c conftest.c  conftest.c >&5
configure:5142: $? = 0
configure:5145: test -s conftest.o
configure:5148: $? = 0
configure:5165: result: yes
configure:5176: checking whether the linker (/Applications/Xcode.app/Contents/Developer/Toolchains/XcodeDefault.xctoolchain/usr/bin/ld) supports shared libraries
configure:5856: result: yes
configure:5861: checking how to hardcode library paths into programs
configure:5885: result: unsupported
configure:5890: checking whether stripping libraries is possible
configure:5898: result: no
configure:5906: checking dynamic linker characteristics
configure:6299: result: darwin13.1.0 dyld
configure:6304: checking if libtool supports shared libraries
configure:6306: result: yes
configure:6309: checking whether to build shared libraries
configure:6330: result: yes
configure:6333: checking whether to build static libraries
configure:6337: result: yes
configure:7626: checking for ANSI C header files
configure:7776: result: yes
configure:7792: checking for stdlib.h
configure:7797: result: yes
configure:7792: checking for string.h
configure:7797: result: yes
configure:7931: checking whether byte ordering is bigendian
configure:7959: gcc -c -g -O2  conftest.c >&5
configure:7962: $? = 0
configure:7965: test -s conftest.o
configure:7968: $? = 0
configure:7993: gcc -c -g -O2  conftest.c >&5
configure:8002:2: error: use of undeclared identifier 'not'
 not big endian
 ^
1 error generated.
configure:7996: $? = 1
configure: failed program was:
| #line 7971 "configure"
| /* confdefs.h.  */
| 
| #define PACKAGE_NAME "libytnef"
| #define PACKAGE_TARNAME "libytnef"
| #define PACKAGE_VERSION "1.5"
| #define PACKAGE_STRING "libytnef 1.5"
| #define PACKAGE_BUGREPORT "yerase@yeraze.com"
| #define PACKAGE "libytnef"
| #define VERSION "1.5"
| #define STDC_HEADERS 1
| #define HAVE_SYS_TYPES_H 1
| #define HAVE_SYS_STAT_H 1
| #define HAVE_STDLIB_H 1
| #define HAVE_STRING_H 1
| #define HAVE_MEMORY_H 1
| #define HAVE_STRINGS_H 1
| #define HAVE_INTTYPES_H 1
| #define HAVE_STDINT_H 1
| #define HAVE_UNISTD_H 1
| #define HAVE_DLFCN_H 1
| #define STDC_HEADERS 1
| #define HAVE_STDLIB_H 1
| #define HAVE_STRING_H 1
| /* end confdefs.h.  */
| #include <sys/types.h>
| #include <sys/param.h>
| 
| int
| main ()
| {
| #if BYTE_ORDER != BIG_ENDIAN
|  not big endian
| #endif
| 
|   ;
|   return 0;
| }
configure:8116: result: no
configure:8142: checking for stdlib.h
configure:8147: result: yes
configure:8279: checking for GNU libc compatible malloc
configure:8309: gcc -o conftest -g -O2   conftest.c  >&5
configure:8312: $? = 0
configure:8314: ./conftest
configure:8317: $? = 0
configure:8331: result: yes
configure:8358: checking for memset
configure:8408: gcc -o conftest -g -O2   conftest.c  >&5
configure:8405:6: warning: incompatible redeclaration of library function 'memset' [-Wincompatible-library-redeclaration]
char memset ();
     ^
configure:8405:6: note: 'memset' is a builtin with type 'void *(void *, int, unsigned long)'
1 warning generated.
configure:8411: $? = 0
configure:8414: test -s conftest
configure:8417: $? = 0
configure:8428: result: yes
configure:8543: creating ./config.status

## ---------------------- ##
## Running config.status. ##
## ---------------------- ##

This file was extended by libytnef config.status 1.5, which was
generated by GNU Autoconf 2.57.  Invocation command line was

  CONFIG_FILES    = 
  CONFIG_HEADERS  = 
  CONFIG_LINKS    = 
  CONFIG_COMMANDS = 
  $ ./config.status 

on Macintosh.local

config.status:661: creating Makefile
config.status:765: creating config.h
config.status:884: config.h is unchanged
config.status:990: executing depfiles commands
configure:9834: creating ./config.status

## ---------------------- ##
## Running config.status. ##
## ---------------------- ##

This file was extended by libytnef config.status 1.5, which was
generated by GNU Autoconf 2.57.  Invocation command line was

  CONFIG_FILES    = 
  CONFIG_HEADERS  = 
  CONFIG_LINKS    = 
  CONFIG_COMMANDS = 
  $ ./config.status 

on Macintosh.local

config.status:662: creating Makefile
config.status:662: creating libytnef.spec
config.status:766: creating config.h
config.status:885: config.h is unchanged
config.status:991: executing depfiles commands

## ---------------- ##
## Cache variables. ##
## ---------------- ##

ac_cv_build=i386-apple-darwin13.1.0
ac_cv_build_alias=i386-apple-darwin13.1.0
ac_cv_c_bigendian=no
ac_cv_c_compiler_gnu=yes
ac_cv_env_CC_set=
ac_cv_env_CC_value=
ac_cv_env_CFLAGS_set=
ac_cv_env_CFLAGS_value=
ac_cv_env_CPPFLAGS_set=
ac_cv_env_CPPFLAGS_value=
ac_cv_env_CPP_set=
ac_cv_env_CPP_value=
ac_cv_env_LDFLAGS_set=
ac_cv_env_LDFLAGS_value=
ac_cv_env_build_alias_set=
ac_cv_env_build_alias_value=
ac_cv_env_host_alias_set=
ac_cv_env_host_alias_value=
ac_cv_env_target_alias_set=
ac_cv_env_target_alias_value=
ac_cv_exeext=
ac_cv_func_malloc_0_nonnull=yes
ac_cv_func_memset=yes
ac_cv_header_dlfcn_h=yes
ac_cv_header_inttypes_h=yes
ac_cv_header_memory_h=yes
ac_cv_header_stdc=yes
ac_cv_header_stdint_h=yes
ac_cv_header_stdlib_h=yes
ac_cv_header_string_h=yes
ac_cv_header_strings_h=yes
ac_cv_header_sys_stat_h=yes
ac_cv_header_sys_types_h=yes
ac_cv_header_unistd_h=yes
ac_cv_host=i386-apple-darwin13.1.0
ac_cv_host_alias=i386-apple-darwin13.1.0
ac_cv_objext=o
ac_cv_path_install='/usr/bin/install -c'
ac_cv_prog_AWK=awk
ac_cv_prog_CPP='gcc -E'
ac_cv_prog_ac_ct_CC=gcc
ac_cv_prog_ac_ct_RANLIB=ranlib
ac_cv_prog_ac_ct_STRIP=strip
ac_cv_prog_cc_g=yes
ac_cv_prog_cc_stdc=
ac_cv_prog_egrep='grep -E'
ac_cv_prog_make_make_set=yes
am_cv_CC_dependencies_compiler_type=gcc3
lt_cv_compiler_c_o=yes
lt_cv_compiler_o_lo=yes
lt_cv_deplibs_check_method='file_magic Mach-O dynamically linked shared library'
lt_cv_file_magic_cmd='/usr/bin/file -L'
lt_cv_file_magic_test_file=/usr/lib/libSystem.dylib
lt_cv_global_symbol_to_c_name_address='sed -n -e '\''s/^: \([^ ]*\) $/  {\"\1\", (lt_ptr) 0},/p'\'' -e '\''s/^[BCDEGRST] \([^ ]*\) \([^ ]*\)$/  {"\2", (lt_ptr) \&\2},/p'\'''
lt_cv_global_symbol_to_cdecl='sed -n -e '\''s/^. .* \(.*\)$/extern char \1;/p'\'''
lt_cv_ld_reload_flag=-r
lt_cv_path_LD=/Applications/Xcode.app/Contents/Developer/Toolchains/XcodeDefault.xctoolchain/usr/bin/ld
lt_cv_path_NM=/usr/bin/nm
lt_cv_prog_cc_can_build_shared=yes
lt_cv_prog_cc_no_builtin=
lt_cv_prog_cc_pic=' -fno-common'
lt_cv_prog_cc_pic_works=yes
lt_cv_prog_cc_shlib=
lt_cv_prog_cc_static=
lt_cv_prog_cc_static_works=no
lt_cv_prog_cc_wl=-Wl,
lt_cv_prog_gnu_ld=no
lt_cv_sys_global_symbol_pipe='sed -n -e '\''s/^.*[ 	]\([BCDEGRST][BCDEGRST]*\)[ 	][ 	]*\(_\)\([_A-Za-z][_A-Za-z0-9]*\)$/\1 \2\3 \3/p'\'''

## ----------------- ##
## Output variables. ##
## ----------------- ##

ACLOCAL='${SHELL} /Users/simon/ytnef-lib/missing --run aclocal-1.6'
AMDEPBACKSLASH='\'
AMDEP_FALSE='#'
AMDEP_TRUE=''
AMTAR='${SHELL} /Users/simon/ytnef-lib/missing --run tar'
AUTOCONF='${SHELL} /Users/simon/ytnef-lib/missing --run autoconf'
AUTOHEADER='${SHELL} /Users/simon/ytnef-lib/missing --run autoheader'
AUTOMAKE='${SHELL} /Users/simon/ytnef-lib/missing --run automake-1.6'
AWK='awk'
CC='gcc'
CCDEPMODE='depmode=gcc3'
CFLAGS='-g -O2'
CPP='gcc -E'
CPPFLAGS=''
DEFS='-DHAVE_CONFIG_H'
DEPDIR='.deps'
ECHO='/bin/echo'
ECHO_C='ECHO_N=''
ECHO_T=''
EGREP='grep -E'
EXEEXT=''
INSTALL_DATA='${INSTALL} -m 644'
INSTALL_PROGRAM='${INSTALL}'
INSTALL_SCRIPT='${INSTALL}'
INSTALL_STRIP_PROGRAM='${SHELL} $(install_sh) -c -s'
LDFLAGS=''
LIBOBJS=''
LIBS=''
LIBTOOL='$(SHELL) $(top_builddir)/libtool'
LN_S='ln -s'
LTLIBOBJS=''
MAKEINFO='${SHELL} /Users/simon/ytnef-lib/missing --run makeinfo'
OBJEXT='o'
PACKAGE='libytnef'
PACKAGE_BUGREPORT='yerase@yeraze.com'
PACKAGE_NAME='libytnef'
PACKAGE_STRING='libytnef 1.5'
PACKAGE_TARNAME='libytnef'
PACKAGE_VERSION='1.5'
PATH_SEPARATOR=':'
RANLIB='ranlib'
SET_MAKE=''
SHELL='/bin/sh'
STRIP='strip'
VERSION='1.5'
ac_ct_CC='gcc'
ac_ct_RANLIB='ranlib'
ac_ct_STRIP='strip'
am__include='include'
am__quote=''
bindir='${exec_prefix}/bin'
build='i386-apple-darwin13.1.0'
build_alias=''
build_cpu='i386'
build_os='darwin13.1.0'
build_vendor='apple'
datadir='${prefix}/share'
exec_prefix='${prefix}'
host='i386-apple-darwin13.1.0'
host_alias=''
host_cpu='i386'
host_os='darwin13.1.0'
host_vendor='apple'
includedir='${prefix}/include'
infodir='${prefix}/info'
install_sh='/Users/simon/ytnef-lib/install-sh'
libdir='${exec_prefix}/lib'
libexecdir='${exec_prefix}/libexec'
localstatedir='${prefix}/var'
mandir='${prefix}/man'
oldincludedir='/usr/include'
prefix='/usr/local'
program_transform_name='s,x,x,'
sbindir='${exec_prefix}/sbin'
sharedstatedir='${prefix}/com'
sysconfdir='${prefix}/etc'
target_alias=''

## ----------- ##
## confdefs.h. ##
## ----------- ##

#define HAVE_DLFCN_H 1
#define HAVE_INTTYPES_H 1
#define HAVE_MALLOC 1
#define HAVE_MEMORY_H 1
#define HAVE_MEMSET 1
#define HAVE_STDINT_H 1
#define HAVE_STDLIB_H 1
#define HAVE_STDLIB_H 1
#define HAVE_STDLIB_H 1
#define HAVE_STRINGS_H 1
#define HAVE_STRING_H 1
#define HAVE_STRING_H 1
#define HAVE_SYS_STAT_H 1
#define HAVE_SYS_TYPES_H 1
#define HAVE_UNISTD_H 1
#define PACKAGE "libytnef"
#define PACKAGE_BUGREPORT "yerase@yeraze.com"
#define PACKAGE_NAME "libytnef"
#define PACKAGE_STRING "libytnef 1.5"
#define PACKAGE_TARNAME "libytnef"
#define PACKAGE_VERSION "1.5"
#define STDC_HEADERS 1
#define STDC_HEADERS 1
#define VERSION "1.5"

configure: exit 0
